Jun 30, 2026 10:06:02 AM Main registerStudent
WARNING: Registration failed: Email address is not valid.
Jun 30, 2026 10:07:54 AM Main registerStudent
WARNING: Invalid year input during registration.
Jul 02, 2026 3:00:31 PM Main removeStudent
INFO: Student removed: 1
Jul 02, 2026 3:04:09 PM Main removeStudent
WARNING: Attempted to remove non-existent student: 1
Jul 02, 2026 3:09:29 PM Main removeStudent
WARNING: Attempted to remove non-existent student: 1
Jul 02, 2026 3:10:07 PM Main registerStudent
WARNING: Registration failed: Email address is not valid.
Jul 02, 2026 3:10:42 PM Main registerStudent
INFO: Student registered: 1
Jul 02, 2026 3:10:55 PM Main viewAllStudents
INFO: Viewed all registered students.
Jul 02, 2026 3:11:25 PM Main registerStudent
WARNING: Registration failed: A student with ID 1 is already registered.
Jul 02, 2026 3:11:48 PM Main registerStudent
INFO: Student registered: kkk
Jul 02, 2026 3:11:56 PM Main viewAllStudents
INFO: Viewed all registered students.
Jul 02, 2026 3:12:24 PM Main registerStudent
WARNING: Invalid year input during registration.
Jul 02, 2026 3:12:40 PM Main removeStudent
WARNING: Attempted to remove non-existent student: 5
Jul 02, 2026 3:12:48 PM Main removeStudent
INFO: Student removed: 1
Jul 02, 2026 3:12:51 PM Main viewAllStudents
INFO: Viewed all registered students.
Jul 02, 2026 3:13:01 PM Main removeStudent
WARNING: Attempted to remove non-existent student: 2
Jul 02, 2026 3:13:09 PM Main removeStudent
INFO: Student removed: kkk
Jul 02, 2026 5:00:39 PM Main registerStudent
INFO: Student registered: 16688
Jul 02, 2026 5:01:59 PM Main registerStudent
INFO: Student registered: 16598
Jul 02, 2026 5:03:23 PM Main viewAllStudents
INFO: Viewed all registered students.
Jul 02, 2026 5:03:31 PM Main removeStudent
WARNING: Attempted to remove non-existent student: 1654
Jul 02, 2026 5:03:39 PM Main removeStudent
INFO: Student removed: 16688
Jul 06, 2026 9:30:34 AM Main registerStudent
INFO: Student registered: 1
Jul 06, 2026 9:30:37 AM Main viewAllStudents
INFO: Viewed all registered students.
Jul 06, 2026 9:31:11 AM Main removeStudent
WARNING: Attempted to remove non-existent student: 4
Jul 06, 2026 9:31:38 AM Main registerStudent
WARNING: Registration failed: Year must be between 1 and 7.
Jul 06, 2026 9:32:02 AM Main registerStudent
WARNING: Registration failed: Email address is not valid.
Jul 06, 2026 9:34:37 AM Main registerStudent
WARNING: Registration failed: A student with ID 1 is already registered.
Jul 06, 2026 9:35:02 AM Main registerStudent
INFO: Student registered: 2
Jul 06, 2026 9:35:05 AM Main viewAllStudents
INFO: Viewed all registered students.
Jul 06, 2026 9:35:29 AM Main registerStudent
INFO: Student registered: 3
Jul 06, 2026 9:35:32 AM Main viewAllStudents
INFO: Viewed all registered students.
Jul 06, 2026 9:35:43 AM Main removeStudent
INFO: Student removed: 1
Jul 06, 2026 9:35:52 AM Main removeStudent
INFO: Student removed: 2
Jul 06, 2026 9:35:54 AM Main viewAllStudents
INFO: Viewed all registered students.
Jul 06, 2026 9:36:11 AM Main removeStudent
INFO: Student removed: 3
Jul 06, 2026 9:36:15 AM Main viewAllStudents
INFO: Viewed all registered students.
Jul 06, 2026 11:15:13 AM Main registerStudent
WARNING: Registration failed: Email address is not valid.
Jul 06, 2026 11:15:29 AM Main registerStudent
INFO: Student registered: 1
Jul 06, 2026 11:15:34 AM Main viewAllStudents
INFO: Viewed all registered students.
Jul 06, 2026 11:15:50 AM Main registerStudent
WARNING: Invalid year input during registration.
Jul 06, 2026 11:23:57 AM Main registerStudent
WARNING: Registration failed: Student ID cannot be empty.
Jul 06, 2026 11:24:09 AM Main registerStudent
WARNING: Registration failed: Program cannot be empty.
Jul 06, 2026 11:24:18 AM Main registerStudent
WARNING: Registration failed: Program cannot be empty.
Jul 06, 2026 11:24:49 AM Main registerStudent
WARNING: Registration failed: Program cannot be empty.
Jul 06, 2026 11:25:07 AM Main registerStudent
WARNING: Registration failed: Name cannot be empty.
Jul 06, 2026 11:25:23 AM Main registerStudent
WARNING: Registration failed: Program cannot be empty.
Jul 06, 2026 11:25:36 AM Main registerStudent
WARNING: Registration failed: Email cannot be empty.
Jul 06, 2026 11:25:51 AM Main registerStudent
WARNING: Registration failed: Program cannot be empty.
Jul 06, 2026 11:26:03 AM Main registerStudent
WARNING: Registration failed: Year of study cannot be empty.
Jul 06, 2026 11:26:18 AM Main registerStudent
WARNING: Registration failed: Mentorship preferences cannot be empty.
Jul 06, 2026 11:26:32 AM Main registerStudent
WARNING: Invalid year input during registration.
Jul 06, 2026 11:26:52 AM Main registerStudent
WARNING: Registration failed: Year must be between 1 and 4.
Jul 06, 2026 11:30:59 AM Main registerStudent
WARNING: Registration failed: Year of study cannot be empty.
Jul 06, 2026 11:31:06 AM Main viewAllStudents
INFO: Viewed all registered students.
Jul 09, 2026 4:53:30 PM Main registerStudent
WARNING: Registration failed: Program cannot be empty.
Jul 09, 2026 4:54:53 PM Main registerStudent
WARNING: Registration failed: Program cannot be empty. Complete all the fields
Jul 09, 2026 5:23:38 PM Main registerStudent
WARNING: Validation failed: Registration failed: All fields must be completed.
Jul 13, 2026 11:44:49 AM Main registerStudent
WARNING: Validation failed: Registration failed: All fields must be completed.
Jul 13, 2026 11:45:41 AM Main registerStudent
INFO: Student registered: 16688
Jul 13, 2026 11:45:45 AM Main viewAllStudents
INFO: Viewed all registered students.
Jul 13, 2026 11:46:05 AM Main registerStudent
WARNING: Validation failed: Registration failed: All fields must be completed.
Jul 13, 2026 11:46:21 AM Main registerStudent
WARNING: Registration failed: A student with ID 16688 is already registered.
Jul 15, 2026 9:55:04 AM Main registerStudent
WARNING: Validation failed: Email address is not valid. Please enter a valid email (e.g. name@example.com).
